Flutter crash report.
Please report a bug at https://github.com/flutter/flutter/issues.

## command

flutter create secureqr_mob

## exception

PathAccessException: PathAccessException: Cannot create file, path = 'F:\secure-qr0\SecureQR_mob\secureqr_mob\macos\Runner\DebugProfile.entitlements' (OS Error: The process cannot access the file because it is being used by another process.
, errno = 32)

```
#0      _File.throwIfError (dart:io/file_impl.dart:675:7)
#1      _File.createSync (dart:io/file_impl.dart:306:5)
#2      ForwardingFile.createSync (package:file/src/forwarding/forwarding_file.dart:26:16)
#3      ErrorHandlingFile.createSync.<anonymous closure> (package:flutter_tools/src/base/error_handling_io.dart:282:22)
#4      _runSync (package:flutter_tools/src/base/error_handling_io.dart:587:14)
#5      ErrorHandlingFile.createSync (package:flutter_tools/src/base/error_handling_io.dart:281:5)
#6      Template.render.<anonymous closure> (package:flutter_tools/src/template.dart:321:28)
#7      _LinkedHashMapMixin.forEach (dart:collection-patch/compact_hash.dart:633:13)
#8      Template.render (package:flutter_tools/src/template.dart:281:24)
#9      CreateBase.renderMerged (package:flutter_tools/src/commands/create_base.dart:483:21)
<asynchronous suspension>
#10     CreateBase.generateApp (package:flutter_tools/src/commands/create_base.dart:506:23)
<asynchronous suspension>
#11     CreateCommand.runCommand (package:flutter_tools/src/commands/create.dart:361:31)
<asynchronous suspension>
#12     FlutterCommand.run.<anonymous closure> (package:flutter_tools/src/runner/flutter_command.dart:1389:27)
<asynchronous suspension>
#13     AppContext.run.<anonymous closure> (package:flutter_tools/src/base/context.dart:153:19)
<asynchronous suspension>
#14     CommandRunner.runCommand (package:args/command_runner.dart:212:13)
<asynchronous suspension>
#15     FlutterCommandRunner.runCommand.<anonymous closure> (package:flutter_tools/src/runner/flutter_command_runner.dart:355:9)
<asynchronous suspension>
#16     AppContext.run.<anonymous closure> (package:flutter_tools/src/base/context.dart:153:19)
<asynchronous suspension>
#17     FlutterCommandRunner.runCommand (package:flutter_tools/src/runner/flutter_command_runner.dart:295:5)
<asynchronous suspension>
#18     run.<anonymous closure>.<anonymous closure> (package:flutter_tools/runner.dart:119:9)
<asynchronous suspension>
#19     AppContext.run.<anonymous closure> (package:flutter_tools/src/base/context.dart:153:19)
<asynchronous suspension>
#20     main (package:flutter_tools/executable.dart:90:3)
<asynchronous suspension>
```

## flutter doctor

```
[33m[!][39m Flutter (Channel stable, 3.19.6, on Microsoft Windows [Version 10.0.26100.6899],
    locale en-US)
    [32m•[39m Flutter version 3.19.6 on channel stable at
      F:\secure-qr0\SecureQR_mob\flutter-sdk\flutter
    [33m![39m The flutter binary is not on your path. Consider adding
      F:\secure-qr0\SecureQR_mob\flutter-sdk\flutter\bin to your path.
    [33m![39m The dart binary is not on your path. Consider adding
      F:\secure-qr0\SecureQR_mob\flutter-sdk\flutter\bin to your path.
    [32m•[39m Upstream repository https://github.com/flutter/flutter.git
    [32m•[39m Framework revision 54e66469a9 (1 year, 7 months ago), 2024-04-17 13:08:03 -0700
    [32m•[39m Engine revision c4cd48e186
    [32m•[39m Dart version 3.3.4
    [32m•[39m DevTools version 2.31.1
    [32m•[39m If those were intentional, you can disregard the above warnings; however it is
      recommended to use "git" directly to perform update checks and upgrades.

[32m[✓][39m Windows Version (Installed version of Windows is version 10 or higher)

[32m[✓][39m Android toolchain - develop for Android devices (Android SDK version 35.0.0)
    [32m•[39m Android SDK at C:\Users\KarimAhmed\AppData\Local\Android\Sdk
    [32m•[39m Platform android-35, build-tools 35.0.0
    [32m•[39m ANDROID_HOME = C:\Users\KarimAhmed\AppData\Local\Android\Sdk
    [32m•[39m ANDROID_SDK_ROOT = C:\Users\KarimAhmed\AppData\Local\Android\Sdk
    [32m•[39m Java binary at: C:\Program Files\Android\Android Studio\jbr\bin\java
    [32m•[39m Java version OpenJDK Runtime Environment (build 17.0.11+0--11852314)
    [32m•[39m All Android licenses accepted.

[32m[✓][39m Chrome - develop for the web
    [32m•[39m Chrome at C:\Program Files\Google\Chrome\Application\chrome.exe

[32m[✓][39m Visual Studio - develop Windows apps (Visual Studio Community 2022 17.14.17)
    [32m•[39m Visual Studio at C:\Program Files\Microsoft Visual Studio\2022\Community
    [32m•[39m Visual Studio Community 2022 version 17.14.36603.0
    [32m•[39m Windows 10 SDK version 10.0.26100.0

[32m[✓][39m Android Studio (version 2024.1)
    [32m•[39m Android Studio at C:\Program Files\Android\Android Studio
    [32m•[39m Flutter plugin can be installed from:
      🔨 https://plugins.jetbrains.com/plugin/9212-flutter
    [32m•[39m Dart plugin can be installed from:
      🔨 https://plugins.jetbrains.com/plugin/6351-dart
    [32m•[39m Java version OpenJDK Runtime Environment (build 17.0.11+0--11852314)

[32m[✓][39m Android Studio (version 2025.1.2)
    [32m•[39m Android Studio at C:\Program Files\Android\Android Studio1
    [32m•[39m Flutter plugin can be installed from:
      🔨 https://plugins.jetbrains.com/plugin/9212-flutter
    [32m•[39m Dart plugin can be installed from:
      🔨 https://plugins.jetbrains.com/plugin/6351-dart
    [32m•[39m Java version OpenJDK Runtime Environment (build 21.0.6+-13391695-b895.109)

[32m[✓][39m VS Code (version 1.105.1)
    [32m•[39m VS Code at C:\Users\KarimAhmed\AppData\Local\Programs\Microsoft VS Code
    [32m•[39m Flutter extension version 3.123.20251030

[31m[☠][39m Connected device (the doctor check crashed)
    [31m✗[39m Due to an error, the doctor check did not complete. If the error message below is
      not helpful, please let us know about this issue at
      https://github.com/flutter/flutter/issues.
    [31m✗[39m Error: Unable to run "adb", check your Android SDK installation and ANDROID_HOME
      environment variable:
      C:\Users\KarimAhmed\AppData\Local\Android\Sdk\platform-tools\adb.exe
    [32m•[39m #0      throwToolExit (package:flutter_tools/src/base/common.dart:10:3)
      #1      AndroidDevices.pollingGetDevices
      (package:flutter_tools/src/android/android_device_discovery.dart:75:7)
      <asynchronous suspension>
      #2      PollingDeviceDiscovery._populateDevices
      (package:flutter_tools/src/device.dart:549:36)
      <asynchronous suspension>
      #3      Future.wait.<anonymous closure> (dart:async/future.dart:518:21)
      <asynchronous suspension>
      #4      DeviceManager.refreshAllDevices
      (package:flutter_tools/src/device.dart:216:40)
      <asynchronous suspension>
      #5      DeviceValidator.validate (package:flutter_tools/src/doctor.dart:739:34)
      <asynchronous suspension>
      #6      Future.any.onValue (dart:async/future.dart:608:5)
      <asynchronous suspension>


[32m[✓][39m Network resources
    [32m•[39m All expected network resources are available.

[33m![39m Doctor found issues in 2 categories.
```
